2025-12-24 12:55:57,757 - INFO - Moved '/Users/prajwalahluwalia/Downloads/IMG_20231111_145939.jpg' to '/Users/prajwalahluwalia/Downloads/Images/IMG_20231111_145939.jpg'
2025-12-24 12:55:57,757 - INFO - Moved '/Users/prajwalahluwalia/Downloads/Git Essentials Ebook 2.docx' to '/Users/prajwalahluwalia/Downloads/Documents/Git Essentials Ebook 2.docx'
2025-12-24 12:55:57,757 - INFO - Moved '/Users/prajwalahluwalia/Downloads/Subarray Sum Equals k - Made with Clipchamp.mp4' to '/Users/prajwalahluwalia/Downloads/Videos/Subarray Sum Equals k - Made with Clipchamp.mp4'
2025-12-24 12:55:57,757 - INFO - Moved '/Users/prajwalahluwalia/Downloads/MEET_BHANUSHALI_SD1.pdf' to '/Users/prajwalahluwalia/Downloads/Documents/MEET_BHANUSHALI_SD1.pdf'
2025-12-24 12:55:57,757 - INFO - Moved '/Users/prajwalahluwalia/Downloads/IMG_20231111_145939-removebg-preview-fotor-bg-remover-2025120323120.png' to '/Users/prajwalahluwalia/Downloads/Images/IMG_20231111_145939-removebg-preview-fotor-bg-remover-2025120323120.png'
2025-12-24 12:55:57,758 - INFO - Moved '/Users/prajwalahluwalia/Downloads/WhatsApp Image 2025-12-03 at 23.45.18.jpeg' to '/Users/prajwalahluwalia/Downloads/Images/WhatsApp Image 2025-12-03 at 23.45.18.jpeg'
2025-12-24 12:55:57,758 - INFO - Moved '/Users/prajwalahluwalia/Downloads/Python for Beginners E-book.pdf' to '/Users/prajwalahluwalia/Downloads/Documents/Python for Beginners E-book.pdf'
2025-12-24 12:55:57,758 - INFO - Moved '/Users/prajwalahluwalia/Downloads/reports.png' to '/Users/prajwalahluwalia/Downloads/Images/reports.png'
2025-12-24 12:55:57,758 - INFO - Moved '/Users/prajwalahluwalia/Downloads/Git Essentials Ebook.docx' to '/Users/prajwalahluwalia/Downloads/Documents/Git Essentials Ebook.docx'
2025-12-24 12:55:57,758 - INFO - Moved '/Users/prajwalahluwalia/Downloads/excel file.xlsx' to '/Users/prajwalahluwalia/Downloads/Documents/excel file.xlsx'
2025-12-24 12:55:57,758 - INFO - Moved '/Users/prajwalahluwalia/Downloads/doc-check.png' to '/Users/prajwalahluwalia/Downloads/Images/doc-check.png'
2025-12-24 12:55:57,758 - INFO - Moved '/Users/prajwalahluwalia/Downloads/Subarray Sum Equals k - Made with Clipchamp(1).mp4' to '/Users/prajwalahluwalia/Downloads/Videos/Subarray Sum Equals k - Made with Clipchamp(1).mp4'
2025-12-24 12:55:57,758 - INFO - Moved '/Users/prajwalahluwalia/Downloads/user.png' to '/Users/prajwalahluwalia/Downloads/Images/user.png'
2025-12-24 12:55:57,759 - INFO - Moved '/Users/prajwalahluwalia/Downloads/nov Invoice Template.pdf' to '/Users/prajwalahluwalia/Downloads/Documents/nov Invoice Template.pdf'
2025-12-24 12:55:57,759 - INFO - Moved '/Users/prajwalahluwalia/Downloads/IMG20250405183101.jpg' to '/Users/prajwalahluwalia/Downloads/Images/IMG20250405183101.jpg'
2025-12-24 12:55:57,759 - INFO - Moved '/Users/prajwalahluwalia/Downloads/Untitled presentation.pdf' to '/Users/prajwalahluwalia/Downloads/Documents/Untitled presentation.pdf'
2025-12-24 12:55:57,759 - INFO - Moved '/Users/prajwalahluwalia/Downloads/1765199548623.jpg' to '/Users/prajwalahluwalia/Downloads/Images/1765199548623.jpg'
2025-12-24 13:00:08,318 - INFO - Moved '/Users/prajwalahluwalia/Downloads/googlechrome.dmg' to '/Users/prajwalahluwalia/Downloads/Miscellaneous/googlechrome.dmg'
2025-12-24 13:00:08,318 - INFO - Moved '/Users/prajwalahluwalia/Downloads/db.py' to '/Users/prajwalahluwalia/Downloads/Miscellaneous/db.py'
2025-12-24 13:00:08,318 - INFO - Moved '/Users/prajwalahluwalia/Downloads/newods.ods' to '/Users/prajwalahluwalia/Downloads/Miscellaneous/newods.ods'
2025-12-24 13:00:08,318 - INFO - Moved '/Users/prajwalahluwalia/Downloads/.DS_Store' to '/Users/prajwalahluwalia/Downloads/Miscellaneous/.DS_Store'
2025-12-24 13:00:08,318 - INFO - Moved '/Users/prajwalahluwalia/Downloads/config.py' to '/Users/prajwalahluwalia/Downloads/Miscellaneous/config.py'
2025-12-24 13:00:08,319 - INFO - Moved '/Users/prajwalahluwalia/Downloads/lwy5csnmfuzrx64984n1qe10kk4b.webp' to '/Users/prajwalahluwalia/Downloads/Miscellaneous/lwy5csnmfuzrx64984n1qe10kk4b.webp'
2025-12-24 13:00:08,319 - INFO - Moved '/Users/prajwalahluwalia/Downloads/new.csv' to '/Users/prajwalahluwalia/Downloads/Miscellaneous/new.csv'
2025-12-24 13:00:08,319 - INFO - Moved '/Users/prajwalahluwalia/Downloads/Untitled video.srt' to '/Users/prajwalahluwalia/Downloads/Miscellaneous/Untitled video.srt'
2025-12-24 13:00:08,319 - INFO - Moved '/Users/prajwalahluwalia/Downloads/ZYwyUVe1.html.part' to '/Users/prajwalahluwalia/Downloads/Miscellaneous/ZYwyUVe1.html.part'
2025-12-24 13:00:08,319 - INFO - Moved '/Users/prajwalahluwalia/Downloads/Doselect Secure Browser 1.0.12' to '/Users/prajwalahluwalia/Downloads/Miscellaneous/Doselect Secure Browser 1.0.12'
2025-12-24 13:00:08,319 - INFO - Moved '/Users/prajwalahluwalia/Downloads/README.md' to '/Users/prajwalahluwalia/Downloads/Miscellaneous/README.md'
2025-12-24 13:00:08,319 - INFO - Moved '/Users/prajwalahluwalia/Downloads/Subarray Sum Equals k - Made with Clipchamp(1).srt' to '/Users/prajwalahluwalia/Downloads/Miscellaneous/Subarray Sum Equals k - Made with Clipchamp(1).srt'
2025-12-24 13:00:08,320 - INFO - Moved '/Users/prajwalahluwalia/Downloads/Google Chrome' to '/Users/prajwalahluwalia/Downloads/Miscellaneous/Google Chrome'
2025-12-24 13:00:08,320 - INFO - Moved '/Users/prajwalahluwalia/Downloads/Subarray Sum Equals k - Made with Clipchamp.srt' to '/Users/prajwalahluwalia/Downloads/Miscellaneous/Subarray Sum Equals k - Made with Clipchamp.srt'
2025-12-24 13:00:08,320 - INFO - Moved '/Users/prajwalahluwalia/Downloads/Untitled video(1).srt' to '/Users/prajwalahluwalia/Downloads/Miscellaneous/Untitled video(1).srt'
2025-12-24 13:00:08,320 - INFO - Moved '/Users/prajwalahluwalia/Downloads/Doselect+Secure+Browser.dmg' to '/Users/prajwalahluwalia/Downloads/Miscellaneous/Doselect+Secure+Browser.dmg'
